#
# A fatal error has been detected by the Java Runtime Environment:
#
#  Internal Error (classFileParser.cpp:3494), pid=3787, tid=3061107520
#  Error: ShouldNotReachHere()
#
# JRE version: 6.0_24-b24
# Java VM: OpenJDK Server VM (20.0-b12 mixed mode linux-x86 )
# Derivative: IcedTea6 1.11.5
# Distribution: Ubuntu 12.04 LTS, package 6b24-1.11.5-0ubuntu1~12.04.1
# If you would like to submit a bug report, please include
# instructions how to reproduce the bug and visit:
#   https://bugs.launchpad.net/ubuntu/+source/openjdk-6/
#

---------------  T H R E A D  ---------------

Current thread (0xb6505400):  JavaThread "Unknown thread" [_thread_in_vm, id=3792, stack(0xb66fc000,0xb674d000)]

Stack: [0xb66fc000,0xb674d000]
[error occurred during error reporting (printing stack bounds), id 0xb]


[error occurred during error reporting (printing native stack), id 0xb]


---------------  P R O C E S S  ---------------

Java Threads: ( => current thread )

Other Threads:

=>0xb6505400 (exited) JavaThread "Unknown thread" [_thread_in_vm, id=3792, stack(0xb66fc000,0xb674d000)]

VM state:not at safepoint (not fully initialized)

VM Mutex/Monitor currently owned by a thread: None

Dynamic libraries:
08048000-08051000 r-xp 00000000 08:01 532297     /usr/lib/jvm/java-6-openjdk-i386/jre/bin/java
08051000-08052000 r--p 00008000 08:01 532297     /usr/lib/jvm/java-6-openjdk-i386/jre/bin/java
08052000-08053000 rw-p 00009000 08:01 532297     /usr/lib/jvm/java-6-openjdk-i386/jre/bin/java
09cc8000-09ce9000 rw-p 00000000 00:00 0          [heap]
6c63b000-6c700000 r--s 0115c000 08:06 16523459   /home/ttt/android/adt-bundle-linux-x86/sdk/platforms/android-17/android.jar
6c700000-6c721000 rw-p 00000000 00:00 0 
6c721000-6c800000 ---p 00000000 00:00 0 
6c87f000-6c880000 ---p 00000000 00:00 0 
6c880000-6c900000 rw-p 00000000 00:00 0 
6c900000-6c921000 rw-p 00000000 00:00 0 
6c921000-6ca00000 ---p 00000000 00:00 0 
6ca7f000-6ca80000 ---p 00000000 00:00 0 
6ca80000-6cb00000 rw-p 00000000 00:00 0 
6cb00000-6cb21000 rw-p 00000000 00:00 0 
6cb21000-6cc00000 ---p 00000000 00:00 0 
6cc7f000-6cc80000 ---p 00000000 00:00 0 
6cc80000-6cd00000 rw-p 00000000 00:00 0 
6cd00000-6cd21000 rw-p 00000000 00:00 0 
6cd21000-6ce00000 ---p 00000000 00:00 0 
6ce41000-6ce42000 ---p 00000000 00:00 0 
6ce42000-6ced7000 rw-p 00000000 00:00 0 
6ced7000-6d00e000 rw-p 00000000 00:00 0 
6d00e000-6d016000 rw-p 00000000 00:00 0 
6d016000-6d04e000 rw-p 00000000 00:00 0 
6d04e000-6d063000 rw-p 00000000 00:00 0 
6d063000-6d199000 rw-p 00000000 00:00 0 
6d199000-6d1a4000 rw-p 00000000 00:00 0 
6d1a4000-6d23f000 rw-p 00000000 00:00 0 
6d23f000-6e240000 rw-p 00000000 00:00 0 
6e240000-75240000 rw-p 00000000 00:00 0 
75240000-77ba0000 rw-p 00000000 00:00 0 
77ba0000-9e8f0000 rw-p 00000000 00:00 0 
9e8f0000-9fda0000 rw-p 00000000 00:00 0 
9fda0000-b3440000 rw-p 00000000 00:00 0 
b3440000-b3449000 rw-p 00000000 00:00 0 
b3449000-b3500000 rw-p 00000000 00:00 0 
b3500000-b3740000 rwxp 00000000 00:00 0 
b3740000-b6564000 rw-p 00000000 00:00 0 
b6564000-b6600000 ---p 00000000 00:00 0 
b6637000-b663f000 rw-p 00000000 00:00 0 
b663f000-b6677000 rw-p 00000000 00:00 0 
b6677000-b6682000 r-xp 00000000 08:01 3933138    /lib/i386-linux-gnu/libnss_files-2.15.so
b6682000-b6683000 r--p 0000a000 08:01 3933138    /lib/i386-linux-gnu/libnss_files-2.15.so
b6683000-b6684000 rw-p 0000b000 08:01 3933138    /lib/i386-linux-gnu/libnss_files-2.15.so
b6684000-b668e000 r-xp 00000000 08:01 3933142    /lib/i386-linux-gnu/libnss_nis-2.15.so
b668e000-b668f000 r--p 00009000 08:01 3933142    /lib/i386-linux-gnu/libnss_nis-2.15.so
b668f000-b6690000 rw-p 0000a000 08:01 3933142    /lib/i386-linux-gnu/libnss_nis-2.15.so
b6690000-b66a6000 r-xp 00000000 08:01 3933132    /lib/i386-linux-gnu/libnsl-2.15.so
b66a6000-b66a7000 r--p 00015000 08:01 3933132    /lib/i386-linux-gnu/libnsl-2.15.so
b66a7000-b66a8000 rw-p 00016000 08:01 3933132    /lib/i386-linux-gnu/libnsl-2.15.so
b66a8000-b66aa000 rw-p 00000000 00:00 0 
b66aa000-b66b1000 r-xp 00000000 08:01 3933134    /lib/i386-linux-gnu/libnss_compat-2.15.so
b66b1000-b66b2000 r--p 00006000 08:01 3933134    /lib/i386-linux-gnu/libnss_compat-2.15.so
b66b2000-b66b3000 rw-p 00007000 08:01 3933134    /lib/i386-linux-gnu/libnss_compat-2.15.so
b66b9000-b66c0000 r-xp 00000000 08:01 531927     /usr/lib/jvm/java-6-openjdk-i386/jre/lib/i386/libzip.so
b66c0000-b66c1000 r--p 00006000 08:01 531927     /usr/lib/jvm/java-6-openjdk-i386/jre/lib/i386/libzip.so
b66c1000-b66c2000 rw-p 00007000 08:01 531927     /usr/lib/jvm/java-6-openjdk-i386/jre/lib/i386/libzip.so
b66c2000-b66ca000 rw-s 00000000 08:01 1847728    /tmp/hsperfdata_ttt/3787
b66ca000-b66f0000 r-xp 00000000 08:01 531926     /usr/lib/jvm/java-6-openjdk-i386/jre/lib/i386/libjava.so
b66f0000-b66f1000 r--p 00025000 08:01 531926     /usr/lib/jvm/java-6-openjdk-i386/jre/lib/i386/libjava.so
b66f1000-b66f3000 rw-p 00026000 08:01 531926     /usr/lib/jvm/java-6-openjdk-i386/jre/lib/i386/libjava.so
b66f3000-b66fa000 r-xp 00000000 08:01 3933173    /lib/i386-linux-gnu/librt-2.15.so
b66fa000-b66fb000 r--p 00006000 08:01 3933173    /lib/i386-linux-gnu/librt-2.15.so
b66fb000-b66fc000 rw-p 00007000 08:01 3933173    /lib/i386-linux-gnu/librt-2.15.so
b66fc000-b66ff000 ---p 00000000 00:00 0 
b66ff000-b674d000 rw-p 00000000 00:00 0 
b674d000-b6769000 r-xp 00000000 08:01 3933108    /lib/i386-linux-gnu/libgcc_s.so.1
b6769000-b676a000 r--p 0001b000 08:01 3933108    /lib/i386-linux-gnu/libgcc_s.so.1
b676a000-b676b000 rw-p 0001c000 08:01 3933108    /lib/i386-linux-gnu/libgcc_s.so.1
b676b000-b6795000 r-xp 00000000 08:01 3933119    /lib/i386-linux-gnu/libm-2.15.so
b6795000-b6796000 r--p 00029000 08:01 3933119    /lib/i386-linux-gnu/libm-2.15.so
b6796000-b6797000 rw-p 0002a000 08:01 3933119    /lib/i386-linux-gnu/libm-2.15.so
b6797000-b686f000 r-xp 00000000 08:01 530730     /usr/lib/i386-linux-gnu/libstdc++.so.6.0.16
b686f000-b6870000 ---p 000d8000 08:01 530730     /usr/lib/i386-linux-gnu/libstdc++.so.6.0.16
b6870000-b6874000 r--p 000d8000 08:01 530730     /usr/lib/i386-linux-gnu/libstdc++.so.6.0.16
b6874000-b6875000 rw-p 000dc000 08:01 530730     /usr/lib/i386-linux-gnu/libstdc++.so.6.0.16
b6875000-b687c000 rw-p 00000000 00:00 0 
b687c000-b709b000 r-xp 00000000 08:01 655418     /usr/lib/jvm/java-6-openjdk-i386/jre/lib/i386/server/libjvm.so
b709b000-b709c000 ---p 0081f000 08:01 655418     /usr/lib/jvm/java-6-openjdk-i386/jre/lib/i386/server/libjvm.so
b709c000-b70e1000 r--p 0081f000 08:01 655418     /usr/lib/jvm/java-6-openjdk-i386/jre/lib/i386/server/libjvm.so
b70e1000-b70f0000 rw-p 00864000 08:01 655418     /usr/lib/jvm/java-6-openjdk-i386/jre/lib/i386/server/libjvm.so
b70f0000-b750c000 rw-p 00000000 00:00 0 
b750c000-b7520000 r-xp 00000000 08:01 3933198    /lib/i386-linux-gnu/libz.so.1.2.3.4
b7520000-b7521000 r--p 00013000 08:01 3933198    /lib/i386-linux-gnu/libz.so.1.2.3.4
b7521000-b7522000 rw-p 00014000 08:01 3933198    /lib/i386-linux-gnu/libz.so.1.2.3.4
b7522000-b76c1000 r-xp 00000000 08:01 3933087    /lib/i386-linux-gnu/libc-2.15.so
b76c1000-b76c3000 r--p 0019f000 08:01 3933087    /lib/i386-linux-gnu/libc-2.15.so
b76c3000-b76c4000 rw-p 001a1000 08:01 3933087    /lib/i386-linux-gnu/libc-2.15.so
b76c4000-b76c7000 rw-p 00000000 00:00 0 
b76c7000-b76ca000 r-xp 00000000 08:01 3933100    /lib/i386-linux-gnu/libdl-2.15.so
b76ca000-b76cb000 r--p 00002000 08:01 3933100    /lib/i386-linux-gnu/libdl-2.15.so
b76cb000-b76cc000 rw-p 00003000 08:01 3933100    /lib/i386-linux-gnu/libdl-2.15.so
b76cc000-b76d0000 r-xp 00000000 08:01 655430     /usr/lib/jvm/java-6-openjdk-i386/jre/lib/i386/jli/libjli.so
b76d0000-b76d1000 r--p 00003000 08:01 655430     /usr/lib/jvm/java-6-openjdk-i386/jre/lib/i386/jli/libjli.so
b76d1000-b76d2000 rw-p 00004000 08:01 655430     /usr/lib/jvm/java-6-openjdk-i386/jre/lib/i386/jli/libjli.so
b76d2000-b76d3000 rw-p 00000000 00:00 0 
b76d3000-b76ea000 r-xp 00000000 08:01 3933167    /lib/i386-linux-gnu/libpthread-2.15.so
b76ea000-b76eb000 r--p 00016000 08:01 3933167    /lib/i386-linux-gnu/libpthread-2.15.so
b76eb000-b76ec000 rw-p 00017000 08:01 3933167    /lib/i386-linux-gnu/libpthread-2.15.so
b76ec000-b76ee000 rw-p 00000000 00:00 0 
b76f5000-b76f6000 rw-p 00000000 00:00 0 
b76f6000-b76f7000 r--p 00000000 00:00 0 
b76f7000-b7702000 r-xp 00000000 08:01 531948     /usr/lib/jvm/java-6-openjdk-i386/jre/lib/i386/libverify.so
b7702000-b7703000 ---p 0000b000 08:01 531948     /usr/lib/jvm/java-6-openjdk-i386/jre/lib/i386/libverify.so
b7703000-b7704000 r--p 0000b000 08:01 531948     /usr/lib/jvm/java-6-openjdk-i386/jre/lib/i386/libverify.so
b7704000-b7705000 rw-p 0000c000 08:01 531948     /usr/lib/jvm/java-6-openjdk-i386/jre/lib/i386/libverify.so
b7705000-b7707000 rw-p 00000000 00:00 0 
b7707000-b7727000 r-xp 00000000 08:01 3933067    /lib/i386-linux-gnu/ld-2.15.so
b7727000-b7728000 r--p 0001f000 08:01 3933067    /lib/i386-linux-gnu/ld-2.15.so
b7728000-b7729000 rw-p 00020000 08:01 3933067    /lib/i386-linux-gnu/ld-2.15.so
bf989000-bf9aa000 rw-p 00000000 00:00 0          [stack]

VM Arguments:
jvm_args: -Dfile.encoding=UTF-8 -Xbootclasspath:/home/ttt/android/adt-bundle-linux-x86/sdk/platforms/android-17/android.jar 
java_command: com.example.gkaakash.WriteExcel
Launcher Type: SUN_STANDARD

Environment Variables:
PATH=/home/ttt/codesourcery/bin:/usr/lib/lightdm/lightdm:/usr/local/sbin:/usr/local/bin:/usr/sbin:/usr/bin:/sbin:/bin:/usr/games
LD_LIBRARY_PATH=/usr/lib/jvm/java-6-openjdk-i386/jre/lib/i386/server:/usr/lib/jvm/java-6-openjdk-i386/jre/lib/i386:/usr/lib/jvm/java-6-openjdk-i386/jre/../lib/i386:/usr/lib/jvm/java-6-openjdk-i386/jre/lib/i386/client:/usr/lib/jvm/java-6-openjdk-i386/jre/lib/i386:
SHELL=/bin/bash
DISPLAY=:0.0

Signal Handlers:
SIGSEGV: [libjvm.so+0x66b320], sa_mask[0]=0x7ffbfeff, sa_flags=0x10000004
SIGBUS: [libjvm.so+0x66b320], sa_mask[0]=0x7ffbfeff, sa_flags=0x10000004
SIGFPE: [libjvm.so+0x52e8c0], sa_mask[0]=0x7ffbfeff, sa_flags=0x10000004
SIGPIPE: [libjvm.so+0x52e8c0], sa_mask[0]=0x7ffbfeff, sa_flags=0x10000004
SIGXFSZ: [libjvm.so+0x52e8c0], sa_mask[0]=0x7ffbfeff, sa_flags=0x10000004
SIGILL: [libjvm.so+0x52e8c0], sa_mask[0]=0x7ffbfeff, sa_flags=0x10000004
SIGUSR1: SIG_DFL, sa_mask[0]=0x00000000, sa_flags=0x00000000
SIGUSR2: [libjvm.so+0x52e750], sa_mask[0]=0x00000004, sa_flags=0x10000004
SIGHUP: SIG_DFL, sa_mask[0]=0x00000000, sa_flags=0x00000000
SIGINT: SIG_DFL, sa_mask[0]=0x00000000, sa_flags=0x00000000
SIGTERM: SIG_DFL, sa_mask[0]=0x00000000, sa_flags=0x00000000
SIGQUIT: SIG_DFL, sa_mask[0]=0x00000000, sa_flags=0x00000000


---------------  S Y S T E M  ---------------

OS:Ubuntu 12.04 (precise)
uname:Linux 3.2.0-23-generic-pae #36-Ubuntu SMP Tue Apr 10 22:19:09 UTC 2012 i686
libc:glibc 2.15 NPTL 2.15 
rlimit: STACK 8192k, CORE 0k, NPROC 31647, NOFILE 4096, AS infinity
load average:1.19 0.99 0.78

/proc/meminfo:
MemTotal:        4065384 kB
MemFree:          854044 kB
Buffers:          340660 kB
Cached:          1693960 kB
SwapCached:            0 kB
Active:          1760360 kB
Inactive:        1283188 kB
Active(anon):    1010760 kB
Inactive(anon):   201676 kB
Active(file):     749600 kB
Inactive(file):  1081512 kB
Unevictable:           0 kB
Mlocked:               0 kB
HighTotal:       3227912 kB
HighFree:         509584 kB
LowTotal:         837472 kB
LowFree:          344460 kB
SwapTotal:       3998716 kB
SwapFree:        3998716 kB
Dirty:              4032 kB
Writeback:             4 kB
AnonPages:       1009328 kB
Mapped:           183992 kB
Shmem:            203476 kB
Slab:             133160 kB
SReclaimable:     110572 kB
SUnreclaim:        22588 kB
KernelStack:        4000 kB
PageTables:        10688 kB
NFS_Unstable:          0 kB
Bounce:                0 kB
WritebackTmp:          0 kB
CommitLimit:     6031408 kB
Committed_AS:    4442712 kB
VmallocTotal:     122880 kB
VmallocUsed:       19428 kB
VmallocChunk:      99948 kB
HardwareCorrupted:     0 kB
AnonHugePages:         0 kB
HugePages_Total:       0
HugePages_Free:        0
HugePages_Rsvd:        0
HugePages_Surp:        0
Hugepagesize:       2048 kB
DirectMap4k:       10232 kB
DirectMap2M:      903168 kB


CPU:total 4 (2 cores per cpu, 2 threads per core) family 6 model 42 stepping 7, cmov, cx8, fxsr, mmx, sse, sse2, sse3, ssse3, sse4.1, sse4.2, popcnt, ht

Memory: 4k page, physical 4065384k(854044k free), swap 3998716k(3998716k free)

vm_info: OpenJDK Server VM (20.0-b12) for linux-x86 JRE (1.6.0_24-b24), built on Oct 24 2012 16:19:13 by "buildd" with gcc 4.6.3

time: Thu Apr  4 11:25:59 2013
elapsed time: 0 seconds

