#
# A fatal error has been detected by the Java Runtime Environment:
#
#  Internal Error (classFileParser.cpp:3494), pid=3817, tid=3061898048
#  Error: ShouldNotReachHere()
#
# JRE version: 6.0_24-b24
# Java VM: OpenJDK Server VM (20.0-b12 mixed mode linux-x86 )
# Derivative: IcedTea6 1.11.5
# Distribution: Ubuntu 12.04 LTS, package 6b24-1.11.5-0ubuntu1~12.04.1
# If you would like to submit a bug report, please include
# instructions how to reproduce the bug and visit:
#   https://bugs.launchpad.net/ubuntu/+source/openjdk-6/
#

---------------  T H R E A D  ---------------

Current thread (0xb6605400):  JavaThread "Unknown thread" [_thread_in_vm, id=3822, stack(0xb67bd000,0xb680e000)]

Stack: [0xb67bd000,0xb680e000]
[error occurred during error reporting (printing stack bounds), id 0xb]


[error occurred during error reporting (printing native stack), id 0xb]


---------------  P R O C E S S  ---------------

Java Threads: ( => current thread )

Other Threads:

=>0xb6605400 (exited) JavaThread "Unknown thread" [_thread_in_vm, id=3822, stack(0xb67bd000,0xb680e000)]

VM state:not at safepoint (not fully initialized)

VM Mutex/Monitor currently owned by a thread: None

Dynamic libraries:
08048000-08051000 r-xp 00000000 08:01 532297     /usr/lib/jvm/java-6-openjdk-i386/jre/bin/java
08051000-08052000 r--p 00008000 08:01 532297     /usr/lib/jvm/java-6-openjdk-i386/jre/bin/java
08052000-08053000 rw-p 00009000 08:01 532297     /usr/lib/jvm/java-6-openjdk-i386/jre/bin/java
08771000-08792000 rw-p 00000000 00:00 0          [heap]
6c73b000-6c800000 r--s 0115c000 08:06 16523459   /home/ttt/android/adt-bundle-linux-x86/sdk/platforms/android-17/android.jar
6c800000-6c821000 rw-p 00000000 00:00 0 
6c821000-6c900000 ---p 00000000 00:00 0 
6c97f000-6c980000 ---p 00000000 00:00 0 
6c980000-6ca00000 rw-p 00000000 00:00 0 
6ca00000-6ca21000 rw-p 00000000 00:00 0 
6ca21000-6cb00000 ---p 00000000 00:00 0 
6cb7f000-6cb80000 ---p 00000000 00:00 0 
6cb80000-6cc00000 rw-p 00000000 00:00 0 
6cc00000-6cc21000 rw-p 00000000 00:00 0 
6cc21000-6cd00000 ---p 00000000 00:00 0 
6cd7f000-6cd80000 ---p 00000000 00:00 0 
6cd80000-6ce00000 rw-p 00000000 00:00 0 
6ce00000-6ce21000 rw-p 00000000 00:00 0 
6ce21000-6cf00000 ---p 00000000 00:00 0 
6cf01000-6cf02000 ---p 00000000 00:00 0 
6cf02000-6cf8a000 rw-p 00000000 00:00 0 
6cf8a000-6cfc2000 rw-p 00000000 00:00 0 
6cfc2000-6cfd7000 rw-p 00000000 00:00 0 
6cfd7000-6d10e000 rw-p 00000000 00:00 0 
6d10e000-6d116000 rw-p 00000000 00:00 0 
6d116000-6d14e000 rw-p 00000000 00:00 0 
6d14e000-6d163000 rw-p 00000000 00:00 0 
6d163000-6d299000 rw-p 00000000 00:00 0 
6d299000-6d2a4000 rw-p 00000000 00:00 0 
6d2a4000-6d33f000 rw-p 00000000 00:00 0 
6d33f000-6e340000 rw-p 00000000 00:00 0 
6e340000-75340000 rw-p 00000000 00:00 0 
75340000-77ca0000 rw-p 00000000 00:00 0 
77ca0000-9e9f0000 rw-p 00000000 00:00 0 
9e9f0000-9fea0000 rw-p 00000000 00:00 0 
9fea0000-b3540000 rw-p 00000000 00:00 0 
b3540000-b3549000 rw-p 00000000 00:00 0 
b3549000-b3600000 rw-p 00000000 00:00 0 
b3600000-b3840000 rwxp 00000000 00:00 0 
b3840000-b6664000 rw-p 00000000 00:00 0 
b6664000-b6700000 ---p 00000000 00:00 0 
b6738000-b6743000 r-xp 00000000 08:01 3933138    /lib/i386-linux-gnu/libnss_files-2.15.so
b6743000-b6744000 r--p 0000a000 08:01 3933138    /lib/i386-linux-gnu/libnss_files-2.15.so
b6744000-b6745000 rw-p 0000b000 08:01 3933138    /lib/i386-linux-gnu/libnss_files-2.15.so
b6745000-b674f000 r-xp 00000000 08:01 3933142    /lib/i386-linux-gnu/libnss_nis-2.15.so
b674f000-b6750000 r--p 00009000 08:01 3933142    /lib/i386-linux-gnu/libnss_nis-2.15.so
b6750000-b6751000 rw-p 0000a000 08:01 3933142    /lib/i386-linux-gnu/libnss_nis-2.15.so
b6751000-b6767000 r-xp 00000000 08:01 3933132    /lib/i386-linux-gnu/libnsl-2.15.so
b6767000-b6768000 r--p 00015000 08:01 3933132    /lib/i386-linux-gnu/libnsl-2.15.so
b6768000-b6769000 rw-p 00016000 08:01 3933132    /lib/i386-linux-gnu/libnsl-2.15.so
b6769000-b676b000 rw-p 00000000 00:00 0 
b676b000-b6772000 r-xp 00000000 08:01 3933134    /lib/i386-linux-gnu/libnss_compat-2.15.so
b6772000-b6773000 r--p 00006000 08:01 3933134    /lib/i386-linux-gnu/libnss_compat-2.15.so
b6773000-b6774000 rw-p 00007000 08:01 3933134    /lib/i386-linux-gnu/libnss_compat-2.15.so
b677a000-b6781000 r-xp 00000000 08:01 531927     /usr/lib/jvm/java-6-openjdk-i386/jre/lib/i386/libzip.so
b6781000-b6782000 r--p 00006000 08:01 531927     /usr/lib/jvm/java-6-openjdk-i386/jre/lib/i386/libzip.so
b6782000-b6783000 rw-p 00007000 08:01 531927     /usr/lib/jvm/java-6-openjdk-i386/jre/lib/i386/libzip.so
b6783000-b678b000 rw-s 00000000 08:01 1847728    /tmp/hsperfdata_ttt/3817
b678b000-b67b1000 r-xp 00000000 08:01 531926     /usr/lib/jvm/java-6-openjdk-i386/jre/lib/i386/libjava.so
b67b1000-b67b2000 r--p 00025000 08:01 531926     /usr/lib/jvm/java-6-openjdk-i386/jre/lib/i386/libjava.so
b67b2000-b67b4000 rw-p 00026000 08:01 531926     /usr/lib/jvm/java-6-openjdk-i386/jre/lib/i386/libjava.so
b67b4000-b67bb000 r-xp 00000000 08:01 3933173    /lib/i386-linux-gnu/librt-2.15.so
b67bb000-b67bc000 r--p 00006000 08:01 3933173    /lib/i386-linux-gnu/librt-2.15.so
b67bc000-b67bd000 rw-p 00007000 08:01 3933173    /lib/i386-linux-gnu/librt-2.15.so
b67bd000-b67c0000 ---p 00000000 00:00 0 
b67c0000-b680e000 rw-p 00000000 00:00 0 
b680e000-b682a000 r-xp 00000000 08:01 3933108    /lib/i386-linux-gnu/libgcc_s.so.1
b682a000-b682b000 r--p 0001b000 08:01 3933108    /lib/i386-linux-gnu/libgcc_s.so.1
b682b000-b682c000 rw-p 0001c000 08:01 3933108    /lib/i386-linux-gnu/libgcc_s.so.1
b682c000-b6856000 r-xp 00000000 08:01 3933119    /lib/i386-linux-gnu/libm-2.15.so
b6856000-b6857000 r--p 00029000 08:01 3933119    /lib/i386-linux-gnu/libm-2.15.so
b6857000-b6858000 rw-p 0002a000 08:01 3933119    /lib/i386-linux-gnu/libm-2.15.so
b6858000-b6930000 r-xp 00000000 08:01 530730     /usr/lib/i386-linux-gnu/libstdc++.so.6.0.16
b6930000-b6931000 ---p 000d8000 08:01 530730     /usr/lib/i386-linux-gnu/libstdc++.so.6.0.16
b6931000-b6935000 r--p 000d8000 08:01 530730     /usr/lib/i386-linux-gnu/libstdc++.so.6.0.16
b6935000-b6936000 rw-p 000dc000 08:01 530730     /usr/lib/i386-linux-gnu/libstdc++.so.6.0.16
b6936000-b693d000 rw-p 00000000 00:00 0 
b693d000-b715c000 r-xp 00000000 08:01 655418     /usr/lib/jvm/java-6-openjdk-i386/jre/lib/i386/server/libjvm.so
b715c000-b715d000 ---p 0081f000 08:01 655418     /usr/lib/jvm/java-6-openjdk-i386/jre/lib/i386/server/libjvm.so
b715d000-b71a2000 r--p 0081f000 08:01 655418     /usr/lib/jvm/java-6-openjdk-i386/jre/lib/i386/server/libjvm.so
b71a2000-b71b1000 rw-p 00864000 08:01 655418     /usr/lib/jvm/java-6-openjdk-i386/jre/lib/i386/server/libjvm.so
b71b1000-b75cd000 rw-p 00000000 00:00 0 
b75cd000-b75e1000 r-xp 00000000 08:01 3933198    /lib/i386-linux-gnu/libz.so.1.2.3.4
b75e1000-b75e2000 r--p 00013000 08:01 3933198    /lib/i386-linux-gnu/libz.so.1.2.3.4
b75e2000-b75e3000 rw-p 00014000 08:01 3933198    /lib/i386-linux-gnu/libz.so.1.2.3.4
b75e3000-b7782000 r-xp 00000000 08:01 3933087    /lib/i386-linux-gnu/libc-2.15.so
b7782000-b7784000 r--p 0019f000 08:01 3933087    /lib/i386-linux-gnu/libc-2.15.so
b7784000-b7785000 rw-p 001a1000 08:01 3933087    /lib/i386-linux-gnu/libc-2.15.so
b7785000-b7788000 rw-p 00000000 00:00 0 
b7788000-b778b000 r-xp 00000000 08:01 3933100    /lib/i386-linux-gnu/libdl-2.15.so
b778b000-b778c000 r--p 00002000 08:01 3933100    /lib/i386-linux-gnu/libdl-2.15.so
b778c000-b778d000 rw-p 00003000 08:01 3933100    /lib/i386-linux-gnu/libdl-2.15.so
b778d000-b7791000 r-xp 00000000 08:01 655430     /usr/lib/jvm/java-6-openjdk-i386/jre/lib/i386/jli/libjli.so
b7791000-b7792000 r--p 00003000 08:01 655430     /usr/lib/jvm/java-6-openjdk-i386/jre/lib/i386/jli/libjli.so
b7792000-b7793000 rw-p 00004000 08:01 655430     /usr/lib/jvm/java-6-openjdk-i386/jre/lib/i386/jli/libjli.so
b7793000-b7794000 rw-p 00000000 00:00 0 
b7794000-b77ab000 r-xp 00000000 08:01 3933167    /lib/i386-linux-gnu/libpthread-2.15.so
b77ab000-b77ac000 r--p 00016000 08:01 3933167    /lib/i386-linux-gnu/libpthread-2.15.so
b77ac000-b77ad000 rw-p 00017000 08:01 3933167    /lib/i386-linux-gnu/libpthread-2.15.so
b77ad000-b77af000 rw-p 00000000 00:00 0 
b77b6000-b77b7000 rw-p 00000000 00:00 0 
b77b7000-b77b8000 r--p 00000000 00:00 0 
b77b8000-b77c3000 r-xp 00000000 08:01 531948     /usr/lib/jvm/java-6-openjdk-i386/jre/lib/i386/libverify.so
b77c3000-b77c4000 ---p 0000b000 08:01 531948     /usr/lib/jvm/java-6-openjdk-i386/jre/lib/i386/libverify.so
b77c4000-b77c5000 r--p 0000b000 08:01 531948     /usr/lib/jvm/java-6-openjdk-i386/jre/lib/i386/libverify.so
b77c5000-b77c6000 rw-p 0000c000 08:01 531948     /usr/lib/jvm/java-6-openjdk-i386/jre/lib/i386/libverify.so
b77c6000-b77c8000 rw-p 00000000 00:00 0 
b77c8000-b77e8000 r-xp 00000000 08:01 3933067    /lib/i386-linux-gnu/ld-2.15.so
b77e8000-b77e9000 r--p 0001f000 08:01 3933067    /lib/i386-linux-gnu/ld-2.15.so
b77e9000-b77ea000 rw-p 00020000 08:01 3933067    /lib/i386-linux-gnu/ld-2.15.so
bf96b000-bf98c000 rw-p 00000000 00:00 0          [stack]

VM Arguments:
jvm_args: -Dfile.encoding=UTF-8 -Xbootclasspath:/home/ttt/android/adt-bundle-linux-x86/sdk/platforms/android-17/android.jar 
java_command: com.example.gkaakash.WriteExcel
Launcher Type: SUN_STANDARD

Environment Variables:
PATH=/home/ttt/codesourcery/bin:/usr/lib/lightdm/lightdm:/usr/local/sbin:/usr/local/bin:/usr/sbin:/usr/bin:/sbin:/bin:/usr/games
LD_LIBRARY_PATH=/usr/lib/jvm/java-6-openjdk-i386/jre/lib/i386/server:/usr/lib/jvm/java-6-openjdk-i386/jre/lib/i386:/usr/lib/jvm/java-6-openjdk-i386/jre/../lib/i386:/usr/lib/jvm/java-6-openjdk-i386/jre/lib/i386/client:/usr/lib/jvm/java-6-openjdk-i386/jre/lib/i386:
SHELL=/bin/bash
DISPLAY=:0.0

Signal Handlers:
SIGSEGV: [libjvm.so+0x66b320], sa_mask[0]=0x7ffbfeff, sa_flags=0x10000004
SIGBUS: [libjvm.so+0x66b320], sa_mask[0]=0x7ffbfeff, sa_flags=0x10000004
SIGFPE: [libjvm.so+0x52e8c0], sa_mask[0]=0x7ffbfeff, sa_flags=0x10000004
SIGPIPE: [libjvm.so+0x52e8c0], sa_mask[0]=0x7ffbfeff, sa_flags=0x10000004
SIGXFSZ: [libjvm.so+0x52e8c0], sa_mask[0]=0x7ffbfeff, sa_flags=0x10000004
SIGILL: [libjvm.so+0x52e8c0], sa_mask[0]=0x7ffbfeff, sa_flags=0x10000004
SIGUSR1: SIG_DFL, sa_mask[0]=0x00000000, sa_flags=0x00000000
SIGUSR2: [libjvm.so+0x52e750], sa_mask[0]=0x00000004, sa_flags=0x10000004
SIGHUP: SIG_DFL, sa_mask[0]=0x00000000, sa_flags=0x00000000
SIGINT: SIG_DFL, sa_mask[0]=0x00000000, sa_flags=0x00000000
SIGTERM: SIG_DFL, sa_mask[0]=0x00000000, sa_flags=0x00000000
SIGQUIT: SIG_DFL, sa_mask[0]=0x00000000, sa_flags=0x00000000


---------------  S Y S T E M  ---------------

OS:Ubuntu 12.04 (precise)
uname:Linux 3.2.0-23-generic-pae #36-Ubuntu SMP Tue Apr 10 22:19:09 UTC 2012 i686
libc:glibc 2.15 NPTL 2.15 
rlimit: STACK 8192k, CORE 0k, NPROC 31647, NOFILE 4096, AS infinity
load average:1.26 1.02 0.79

/proc/meminfo:
MemTotal:        4065384 kB
MemFree:          846216 kB
Buffers:          340700 kB
Cached:          1700752 kB
SwapCached:            0 kB
Active:          1762272 kB
Inactive:        1289436 kB
Active(anon):    1012000 kB
Inactive(anon):   201996 kB
Active(file):     750272 kB
Inactive(file):  1087440 kB
Unevictable:           0 kB
Mlocked:               0 kB
HighTotal:       3227912 kB
HighFree:         502392 kB
LowTotal:         837472 kB
LowFree:          343824 kB
SwapTotal:       3998716 kB
SwapFree:        3998716 kB
Dirty:                68 kB
Writeback:             0 kB
AnonPages:       1010444 kB
Mapped:           181124 kB
Shmem:            203748 kB
Slab:             133788 kB
SReclaimable:     111204 kB
SUnreclaim:        22584 kB
KernelStack:        3952 kB
PageTables:        10564 kB
NFS_Unstable:          0 kB
Bounce:                0 kB
WritebackTmp:          0 kB
CommitLimit:     6031408 kB
Committed_AS:    4414732 kB
VmallocTotal:     122880 kB
VmallocUsed:       19428 kB
VmallocChunk:      99948 kB
HardwareCorrupted:     0 kB
AnonHugePages:         0 kB
HugePages_Total:       0
HugePages_Free:        0
HugePages_Rsvd:        0
HugePages_Surp:        0
Hugepagesize:       2048 kB
DirectMap4k:       10232 kB
DirectMap2M:      903168 kB


CPU:total 4 (2 cores per cpu, 2 threads per core) family 6 model 42 stepping 7, cmov, cx8, fxsr, mmx, sse, sse2, sse3, ssse3, sse4.1, sse4.2, popcnt, ht

Memory: 4k page, physical 4065384k(846216k free), swap 3998716k(3998716k free)

vm_info: OpenJDK Server VM (20.0-b12) for linux-x86 JRE (1.6.0_24-b24), built on Oct 24 2012 16:19:13 by "buildd" with gcc 4.6.3

time: Thu Apr  4 11:26:23 2013
elapsed time: 0 seconds

