#
# A fatal error has been detected by the Java Runtime Environment:
#
#  Internal Error (classFileParser.cpp:3494), pid=3742, tid=3061136192
#  Error: ShouldNotReachHere()
#
# JRE version: 6.0_24-b24
# Java VM: OpenJDK Server VM (20.0-b12 mixed mode linux-x86 )
# Derivative: IcedTea6 1.11.5
# Distribution: Ubuntu 12.04 LTS, package 6b24-1.11.5-0ubuntu1~12.04.1
# If you would like to submit a bug report, please include
# instructions how to reproduce the bug and visit:
#   https://bugs.launchpad.net/ubuntu/+source/openjdk-6/
#

---------------  T H R E A D  ---------------

Current thread (0xb6605400):  JavaThread "Unknown thread" [_thread_in_vm, id=3743, stack(0xb6703000,0xb6754000)]

Stack: [0xb6703000,0xb6754000]
[error occurred during error reporting (printing stack bounds), id 0xb]


[error occurred during error reporting (printing native stack), id 0xb]


---------------  P R O C E S S  ---------------

Java Threads: ( => current thread )

Other Threads:

=>0xb6605400 (exited) JavaThread "Unknown thread" [_thread_in_vm, id=3743, stack(0xb6703000,0xb6754000)]

VM state:not at safepoint (not fully initialized)

VM Mutex/Monitor currently owned by a thread: None

Dynamic libraries:
08048000-08051000 r-xp 00000000 08:01 532297     /usr/lib/jvm/java-6-openjdk-i386/jre/bin/java
08051000-08052000 r--p 00008000 08:01 532297     /usr/lib/jvm/java-6-openjdk-i386/jre/bin/java
08052000-08053000 rw-p 00009000 08:01 532297     /usr/lib/jvm/java-6-openjdk-i386/jre/bin/java
08e11000-08e32000 rw-p 00000000 00:00 0          [heap]
6c63b000-6c700000 r--s 0115c000 08:06 16523459   /home/ttt/android/adt-bundle-linux-x86/sdk/platforms/android-17/android.jar
6c700000-6c721000 rw-p 00000000 00:00 0 
6c721000-6c800000 ---p 00000000 00:00 0 
6c87f000-6c880000 ---p 00000000 00:00 0 
6c880000-6c900000 rw-p 00000000 00:00 0 
6c900000-6c921000 rw-p 00000000 00:00 0 
6c921000-6ca00000 ---p 00000000 00:00 0 
6ca7f000-6ca80000 ---p 00000000 00:00 0 
6ca80000-6cb00000 rw-p 00000000 00:00 0 
6cb00000-6cb21000 rw-p 00000000 00:00 0 
6cb21000-6cc00000 ---p 00000000 00:00 0 
6cc7f000-6cc80000 ---p 00000000 00:00 0 
6cc80000-6cd00000 rw-p 00000000 00:00 0 
6cd00000-6cd21000 rw-p 00000000 00:00 0 
6cd21000-6ce00000 ---p 00000000 00:00 0 
6ce71000-6ce72000 ---p 00000000 00:00 0 
6ce72000-6cefa000 rw-p 00000000 00:00 0 
6cefa000-6cf32000 rw-p 00000000 00:00 0 
6cf32000-6cf47000 rw-p 00000000 00:00 0 
6cf47000-6d07e000 rw-p 00000000 00:00 0 
6d07e000-6d086000 rw-p 00000000 00:00 0 
6d086000-6d0be000 rw-p 00000000 00:00 0 
6d0be000-6d0d3000 rw-p 00000000 00:00 0 
6d0d3000-6d209000 rw-p 00000000 00:00 0 
6d209000-6d214000 rw-p 00000000 00:00 0 
6d214000-6d2af000 rw-p 00000000 00:00 0 
6d2af000-6e2b0000 rw-p 00000000 00:00 0 
6e2b0000-752b0000 rw-p 00000000 00:00 0 
752b0000-77c10000 rw-p 00000000 00:00 0 
77c10000-9e960000 rw-p 00000000 00:00 0 
9e960000-9fe10000 rw-p 00000000 00:00 0 
9fe10000-b34b0000 rw-p 00000000 00:00 0 
b34bb000-b34c4000 rw-p 00000000 00:00 0 
b34c4000-b357b000 rw-p 00000000 00:00 0 
b357b000-b37bb000 rwxp 00000000 00:00 0 
b37bb000-b657b000 rw-p 00000000 00:00 0 
b657b000-b6586000 r-xp 00000000 08:01 3933138    /lib/i386-linux-gnu/libnss_files-2.15.so
b6586000-b6587000 r--p 0000a000 08:01 3933138    /lib/i386-linux-gnu/libnss_files-2.15.so
b6587000-b6588000 rw-p 0000b000 08:01 3933138    /lib/i386-linux-gnu/libnss_files-2.15.so
b6588000-b6592000 r-xp 00000000 08:01 3933142    /lib/i386-linux-gnu/libnss_nis-2.15.so
b6592000-b6593000 r--p 00009000 08:01 3933142    /lib/i386-linux-gnu/libnss_nis-2.15.so
b6593000-b6594000 rw-p 0000a000 08:01 3933142    /lib/i386-linux-gnu/libnss_nis-2.15.so
b6594000-b65aa000 r-xp 00000000 08:01 3933132    /lib/i386-linux-gnu/libnsl-2.15.so
b65aa000-b65ab000 r--p 00015000 08:01 3933132    /lib/i386-linux-gnu/libnsl-2.15.so
b65ab000-b65ac000 rw-p 00016000 08:01 3933132    /lib/i386-linux-gnu/libnsl-2.15.so
b65ac000-b65ae000 rw-p 00000000 00:00 0 
b65ae000-b65b5000 r-xp 00000000 08:01 3933134    /lib/i386-linux-gnu/libnss_compat-2.15.so
b65b5000-b65b6000 r--p 00006000 08:01 3933134    /lib/i386-linux-gnu/libnss_compat-2.15.so
b65b6000-b65b7000 rw-p 00007000 08:01 3933134    /lib/i386-linux-gnu/libnss_compat-2.15.so
b65bd000-b65c4000 r-xp 00000000 08:01 531927     /usr/lib/jvm/java-6-openjdk-i386/jre/lib/i386/libzip.so
b65c4000-b65c5000 r--p 00006000 08:01 531927     /usr/lib/jvm/java-6-openjdk-i386/jre/lib/i386/libzip.so
b65c5000-b65c6000 rw-p 00007000 08:01 531927     /usr/lib/jvm/java-6-openjdk-i386/jre/lib/i386/libzip.so
b65c6000-b65ce000 rw-s 00000000 08:01 1847728    /tmp/hsperfdata_ttt/3742
b65ce000-b65f4000 r-xp 00000000 08:01 531926     /usr/lib/jvm/java-6-openjdk-i386/jre/lib/i386/libjava.so
b65f4000-b65f5000 r--p 00025000 08:01 531926     /usr/lib/jvm/java-6-openjdk-i386/jre/lib/i386/libjava.so
b65f5000-b65f7000 rw-p 00026000 08:01 531926     /usr/lib/jvm/java-6-openjdk-i386/jre/lib/i386/libjava.so
b65f7000-b65fe000 r-xp 00000000 08:01 3933173    /lib/i386-linux-gnu/librt-2.15.so
b65fe000-b65ff000 r--p 00006000 08:01 3933173    /lib/i386-linux-gnu/librt-2.15.so
b65ff000-b6600000 rw-p 00007000 08:01 3933173    /lib/i386-linux-gnu/librt-2.15.so
b6600000-b6664000 rw-p 00000000 00:00 0 
b6664000-b6700000 ---p 00000000 00:00 0 
b6703000-b6706000 ---p 00000000 00:00 0 
b6706000-b6754000 rw-p 00000000 00:00 0 
b6754000-b6770000 r-xp 00000000 08:01 3933108    /lib/i386-linux-gnu/libgcc_s.so.1
b6770000-b6771000 r--p 0001b000 08:01 3933108    /lib/i386-linux-gnu/libgcc_s.so.1
b6771000-b6772000 rw-p 0001c000 08:01 3933108    /lib/i386-linux-gnu/libgcc_s.so.1
b6772000-b679c000 r-xp 00000000 08:01 3933119    /lib/i386-linux-gnu/libm-2.15.so
b679c000-b679d000 r--p 00029000 08:01 3933119    /lib/i386-linux-gnu/libm-2.15.so
b679d000-b679e000 rw-p 0002a000 08:01 3933119    /lib/i386-linux-gnu/libm-2.15.so
b679e000-b6876000 r-xp 00000000 08:01 530730     /usr/lib/i386-linux-gnu/libstdc++.so.6.0.16
b6876000-b6877000 ---p 000d8000 08:01 530730     /usr/lib/i386-linux-gnu/libstdc++.so.6.0.16
b6877000-b687b000 r--p 000d8000 08:01 530730     /usr/lib/i386-linux-gnu/libstdc++.so.6.0.16
b687b000-b687c000 rw-p 000dc000 08:01 530730     /usr/lib/i386-linux-gnu/libstdc++.so.6.0.16
b687c000-b6883000 rw-p 00000000 00:00 0 
b6883000-b70a2000 r-xp 00000000 08:01 655418     /usr/lib/jvm/java-6-openjdk-i386/jre/lib/i386/server/libjvm.so
b70a2000-b70a3000 ---p 0081f000 08:01 655418     /usr/lib/jvm/java-6-openjdk-i386/jre/lib/i386/server/libjvm.so
b70a3000-b70e8000 r--p 0081f000 08:01 655418     /usr/lib/jvm/java-6-openjdk-i386/jre/lib/i386/server/libjvm.so
b70e8000-b70f7000 rw-p 00864000 08:01 655418     /usr/lib/jvm/java-6-openjdk-i386/jre/lib/i386/server/libjvm.so
b70f7000-b7513000 rw-p 00000000 00:00 0 
b7513000-b7527000 r-xp 00000000 08:01 3933198    /lib/i386-linux-gnu/libz.so.1.2.3.4
b7527000-b7528000 r--p 00013000 08:01 3933198    /lib/i386-linux-gnu/libz.so.1.2.3.4
b7528000-b7529000 rw-p 00014000 08:01 3933198    /lib/i386-linux-gnu/libz.so.1.2.3.4
b7529000-b76c8000 r-xp 00000000 08:01 3933087    /lib/i386-linux-gnu/libc-2.15.so
b76c8000-b76ca000 r--p 0019f000 08:01 3933087    /lib/i386-linux-gnu/libc-2.15.so
b76ca000-b76cb000 rw-p 001a1000 08:01 3933087    /lib/i386-linux-gnu/libc-2.15.so
b76cb000-b76ce000 rw-p 00000000 00:00 0 
b76ce000-b76d1000 r-xp 00000000 08:01 3933100    /lib/i386-linux-gnu/libdl-2.15.so
b76d1000-b76d2000 r--p 00002000 08:01 3933100    /lib/i386-linux-gnu/libdl-2.15.so
b76d2000-b76d3000 rw-p 00003000 08:01 3933100    /lib/i386-linux-gnu/libdl-2.15.so
b76d3000-b76d7000 r-xp 00000000 08:01 655430     /usr/lib/jvm/java-6-openjdk-i386/jre/lib/i386/jli/libjli.so
b76d7000-b76d8000 r--p 00003000 08:01 655430     /usr/lib/jvm/java-6-openjdk-i386/jre/lib/i386/jli/libjli.so
b76d8000-b76d9000 rw-p 00004000 08:01 655430     /usr/lib/jvm/java-6-openjdk-i386/jre/lib/i386/jli/libjli.so
b76d9000-b76da000 rw-p 00000000 00:00 0 
b76da000-b76f1000 r-xp 00000000 08:01 3933167    /lib/i386-linux-gnu/libpthread-2.15.so
b76f1000-b76f2000 r--p 00016000 08:01 3933167    /lib/i386-linux-gnu/libpthread-2.15.so
b76f2000-b76f3000 rw-p 00017000 08:01 3933167    /lib/i386-linux-gnu/libpthread-2.15.so
b76f3000-b76f5000 rw-p 00000000 00:00 0 
b76fc000-b76fd000 rw-p 00000000 00:00 0 
b76fd000-b76fe000 r--p 00000000 00:00 0 
b76fe000-b7709000 r-xp 00000000 08:01 531948     /usr/lib/jvm/java-6-openjdk-i386/jre/lib/i386/libverify.so
b7709000-b770a000 ---p 0000b000 08:01 531948     /usr/lib/jvm/java-6-openjdk-i386/jre/lib/i386/libverify.so
b770a000-b770b000 r--p 0000b000 08:01 531948     /usr/lib/jvm/java-6-openjdk-i386/jre/lib/i386/libverify.so
b770b000-b770c000 rw-p 0000c000 08:01 531948     /usr/lib/jvm/java-6-openjdk-i386/jre/lib/i386/libverify.so
b770c000-b770e000 rw-p 00000000 00:00 0 
b770e000-b772e000 r-xp 00000000 08:01 3933067    /lib/i386-linux-gnu/ld-2.15.so
b772e000-b772f000 r--p 0001f000 08:01 3933067    /lib/i386-linux-gnu/ld-2.15.so
b772f000-b7730000 rw-p 00020000 08:01 3933067    /lib/i386-linux-gnu/ld-2.15.so
bff08000-bff29000 rw-p 00000000 00:00 0          [stack]

VM Arguments:
jvm_args: -Dfile.encoding=UTF-8 -Xbootclasspath:/home/ttt/android/adt-bundle-linux-x86/sdk/platforms/android-17/android.jar 
java_command: com.example.gkaakash.WriteExcel
Launcher Type: SUN_STANDARD

Environment Variables:
PATH=/home/ttt/codesourcery/bin:/usr/lib/lightdm/lightdm:/usr/local/sbin:/usr/local/bin:/usr/sbin:/usr/bin:/sbin:/bin:/usr/games
LD_LIBRARY_PATH=/usr/lib/jvm/java-6-openjdk-i386/jre/lib/i386/server:/usr/lib/jvm/java-6-openjdk-i386/jre/lib/i386:/usr/lib/jvm/java-6-openjdk-i386/jre/../lib/i386:/usr/lib/jvm/java-6-openjdk-i386/jre/lib/i386/client:/usr/lib/jvm/java-6-openjdk-i386/jre/lib/i386:
SHELL=/bin/bash
DISPLAY=:0.0

Signal Handlers:
SIGSEGV: [libjvm.so+0x66b320], sa_mask[0]=0x7ffbfeff, sa_flags=0x10000004
SIGBUS: [libjvm.so+0x66b320], sa_mask[0]=0x7ffbfeff, sa_flags=0x10000004
SIGFPE: [libjvm.so+0x52e8c0], sa_mask[0]=0x7ffbfeff, sa_flags=0x10000004
SIGPIPE: [libjvm.so+0x52e8c0], sa_mask[0]=0x7ffbfeff, sa_flags=0x10000004
SIGXFSZ: [libjvm.so+0x52e8c0], sa_mask[0]=0x7ffbfeff, sa_flags=0x10000004
SIGILL: [libjvm.so+0x52e8c0], sa_mask[0]=0x7ffbfeff, sa_flags=0x10000004
SIGUSR1: SIG_DFL, sa_mask[0]=0x00000000, sa_flags=0x00000000
SIGUSR2: [libjvm.so+0x52e750], sa_mask[0]=0x00000004, sa_flags=0x10000004
SIGHUP: SIG_DFL, sa_mask[0]=0x00000000, sa_flags=0x00000000
SIGINT: SIG_DFL, sa_mask[0]=0x00000000, sa_flags=0x00000000
SIGTERM: SIG_DFL, sa_mask[0]=0x00000000, sa_flags=0x00000000
SIGQUIT: SIG_DFL, sa_mask[0]=0x00000000, sa_flags=0x00000000


---------------  S Y S T E M  ---------------

OS:Ubuntu 12.04 (precise)
uname:Linux 3.2.0-23-generic-pae #36-Ubuntu SMP Tue Apr 10 22:19:09 UTC 2012 i686
libc:glibc 2.15 NPTL 2.15 
rlimit: STACK 8192k, CORE 0k, NPROC 31647, NOFILE 4096, AS infinity
load average:0.96 0.93 0.76

/proc/meminfo:
MemTotal:        4065384 kB
MemFree:          874008 kB
Buffers:          340188 kB
Cached:          1688228 kB
SwapCached:            0 kB
Active:          1745956 kB
Inactive:        1279176 kB
Active(anon):     998756 kB
Inactive(anon):   208132 kB
Active(file):     747200 kB
Inactive(file):  1071044 kB
Unevictable:           0 kB
Mlocked:               0 kB
HighTotal:       3227912 kB
HighFree:         527812 kB
LowTotal:         837472 kB
LowFree:          346196 kB
SwapTotal:       3998716 kB
SwapFree:        3998716 kB
Dirty:              2716 kB
Writeback:             0 kB
AnonPages:        996912 kB
Mapped:           181180 kB
Shmem:            210180 kB
Slab:             132000 kB
SReclaimable:     109504 kB
SUnreclaim:        22496 kB
KernelStack:        3960 kB
PageTables:        10544 kB
NFS_Unstable:          0 kB
Bounce:                0 kB
WritebackTmp:          0 kB
CommitLimit:     6031408 kB
Committed_AS:    4420696 kB
VmallocTotal:     122880 kB
VmallocUsed:       19428 kB
VmallocChunk:      99948 kB
HardwareCorrupted:     0 kB
AnonHugePages:         0 kB
HugePages_Total:       0
HugePages_Free:        0
HugePages_Rsvd:        0
HugePages_Surp:        0
Hugepagesize:       2048 kB
DirectMap4k:       10232 kB
DirectMap2M:      903168 kB


CPU:total 4 (2 cores per cpu, 2 threads per core) family 6 model 42 stepping 7, cmov, cx8, fxsr, mmx, sse, sse2, sse3, ssse3, sse4.1, sse4.2, popcnt, ht

Memory: 4k page, physical 4065384k(874008k free), swap 3998716k(3998716k free)

vm_info: OpenJDK Server VM (20.0-b12) for linux-x86 JRE (1.6.0_24-b24), built on Oct 24 2012 16:19:13 by "buildd" with gcc 4.6.3

time: Thu Apr  4 11:25:45 2013
elapsed time: 0 seconds

